11:38:07.440 [main] INFO  testCases.TC_002_LoginTest - Entering valid email and password..
11:38:08.724 [main] INFO  testCases.TC_002_LoginTest - clicked on ligin button..
11:38:08.814 [main] INFO  testCases.TC_002_LoginTest - **** Finished TC_002_LoginTest  ****
13:22:43.458 [main] DEBUG org.testng.TestNG - suiteXmlPath: "C:\Users\Dell\eclipse-workspace\opencartproject\final.xml"
13:22:44.364 [main] INFO  org.testng.internal.Utils - [TestNG] Running:
  C:\Users\Dell\eclipse-workspace\opencartproject\final.xml

13:34:29.041 [main] DEBUG org.testng.TestNG - suiteXmlPath: "C:\Users\Dell\eclipse-workspace\opencartproject\final.xml"
13:34:30.058 [main] INFO  org.testng.internal.Utils - [TestNG] Running:
  C:\Users\Dell\eclipse-workspace\opencartproject\final.xml

13:59:45.543 [main] DEBUG org.testng.TestNG - suiteXmlPath: "C:\Users\Dell\eclipse-workspace\opencartproject\final.xml"
13:59:46.572 [main] INFO  org.testng.internal.Utils - [TestNG] Running:
  C:\Users\Dell\eclipse-workspace\opencartproject\final.xml

15:53:49.952 [main] DEBUG org.testng.TestNG - suiteXmlPath: "C:\Users\Dell\eclipse-workspace\opencartproject\final.xml"
15:53:50.789 [main] INFO  org.testng.internal.Utils - [TestNG] Running:
  C:\Users\Dell\eclipse-workspace\opencartproject\final.xml

15:53:58.617 [main] INFO  testCases.TC_001_AccountRegistrationTest - **** starting TC_001_AccountRegistrationTest  *****
15:53:58.618 [main] DEBUG testCases.TC_001_AccountRegistrationTest - application logs started......
15:53:58.841 [main] INFO  testCases.TC_001_AccountRegistrationTest - Clicked on MyAccount link
15:54:00.083 [main] INFO  testCases.TC_001_AccountRegistrationTest - Clicked on registration link
15:54:00.083 [main] INFO  testCases.TC_001_AccountRegistrationTest - Entering customer details.. 
15:54:04.655 [main] INFO  testCases.TC_001_AccountRegistrationTest - clicked on continue..
15:54:04.712 [main] INFO  testCases.TC_001_AccountRegistrationTest - Validating expected message..
15:54:04.716 [main] DEBUG testCases.TC_001_AccountRegistrationTest - application logs end.......
15:54:04.716 [main] INFO  testCases.TC_001_AccountRegistrationTest - **** finished TC_001_AccountRegistrationTest  *****
15:54:09.231 [main] INFO  testCases.TC_002_LoginTest - **** Starting TC_002_LoginTest  ****
15:54:09.232 [main] DEBUG testCases.TC_002_LoginTest - capturing application debug logs....
15:54:09.364 [main] INFO  testCases.TC_002_LoginTest - clicked on myaccount link on the home page..
15:54:10.103 [main] INFO  testCases.TC_002_LoginTest - clicked on login link under myaccount..
15:54:10.107 [main] INFO  testCases.TC_002_LoginTest - Entering valid email and password..
15:54:11.471 [main] INFO  testCases.TC_002_LoginTest - clicked on ligin button..
15:54:11.538 [main] INFO  testCases.TC_002_LoginTest - **** Finished TC_002_LoginTest  ****
16:53:44.524 [main] DEBUG org.testng.TestNG - suiteXmlPath: "C:\Users\Dell\eclipse-workspace\opencartproject\final.xml"
16:53:45.547 [main] INFO  org.testng.internal.Utils - [TestNG] Running:
  C:\Users\Dell\eclipse-workspace\opencartproject\final.xml

16:57:54.832 [main] DEBUG org.testng.TestNG - suiteXmlPath: "C:\Users\Dell\eclipse-workspace\opencartproject\final.xml"
16:57:55.651 [main] INFO  org.testng.internal.Utils - [TestNG] Running:
  C:\Users\Dell\eclipse-workspace\opencartproject\final.xml

17:02:45.949 [main] DEBUG org.testng.TestNG - suiteXmlPath: "C:\Users\Dell\eclipse-workspace\opencartproject\final.xml"
17:02:46.752 [main] INFO  org.testng.internal.Utils - [TestNG] Running:
  C:\Users\Dell\eclipse-workspace\opencartproject\final.xml

17:06:30.255 [main] DEBUG org.testng.TestNG - suiteXmlPath: "C:\Users\Dell\eclipse-workspace\opencartproject\final.xml"
17:06:31.185 [main] INFO  org.testng.internal.Utils - [TestNG] Running:
  C:\Users\Dell\eclipse-workspace\opencartproject\final.xml

11:42:17.778 [main] DEBUG org.testng.TestNG - suiteXmlPath: "C:\Users\Dell\eclipse-workspace\opencartproject\final.xml"
11:43:51.377 [main] DEBUG org.testng.TestNG - suiteXmlPath: "C:\Users\Dell\eclipse-workspace\opencartproject\final.xml"
11:48:05.146 [main] DEBUG org.testng.TestNG - suiteXmlPath: "C:\Users\Dell\eclipse-workspace\opencartproject\final.xml"
11:48:24.798 [main] INFO  testCases.TC_001_AccountRegistrationTest - **** starting TC_001_AccountRegistrationTest  *****
11:48:24.799 [main] DEBUG testCases.TC_001_AccountRegistrationTest - application logs started......
11:48:25.558 [main] INFO  testCases.TC_001_AccountRegistrationTest - Clicked on MyAccount link
11:48:27.209 [main] INFO  testCases.TC_001_AccountRegistrationTest - Clicked on registration link
11:48:27.209 [main] INFO  testCases.TC_001_AccountRegistrationTest - Entering customer details.. 
11:48:34.351 [main] INFO  testCases.TC_001_AccountRegistrationTest - clicked on continue..
11:48:34.449 [main] INFO  testCases.TC_001_AccountRegistrationTest - Validating expected message..
11:48:34.479 [main] DEBUG testCases.TC_001_AccountRegistrationTest - application logs end.......
