10:37:57.289 [main] INFO  org.testng.internal.Utils - [TestNG] Time taken by org.testng.reporters.EmailableReporter2@25a5c7db: 9 ms
10:37:57.341 [main] INFO  org.testng.internal.Utils - [TestNG] Time taken by org.testng.reporters.JUnitReportReporter@38a1a26: 38 ms
10:37:57.341 [main] INFO  org.testng.internal.Utils - [TestNG] Time taken by org.testng.internal.ExitCodeListener@3fbcfe81: 0 ms
10:44:41.991 [main] DEBUG org.testng.TestNG - suiteXmlPath: "C:\Users\Dell\eclipse-workspace\opencartproject\master.xml"
10:44:42.815 [main] INFO  org.testng.internal.Utils - [TestNG] Running:
  C:\Users\Dell\eclipse-workspace\opencartproject\master.xml

10:44:48.920 [main] INFO  testCases.TC_001_AccountRegistrationTest - **** starting TC_001_AccountRegistrationTest  *****
10:44:48.920 [main] DEBUG testCases.TC_001_AccountRegistrationTest - application logs started......
10:44:49.145 [main] INFO  testCases.TC_001_AccountRegistrationTest - Clicked on MyAccount link
10:44:50.198 [main] INFO  testCases.TC_001_AccountRegistrationTest - Clicked on registration link
10:44:50.198 [main] INFO  testCases.TC_001_AccountRegistrationTest - Entering customer details.. 
10:44:54.532 [main] INFO  testCases.TC_001_AccountRegistrationTest - clicked on continue..
10:44:54.591 [main] INFO  testCases.TC_001_AccountRegistrationTest - Validating expected message..
10:44:54.598 [main] DEBUG testCases.TC_001_AccountRegistrationTest - application logs end.......
10:44:54.598 [main] INFO  testCases.TC_001_AccountRegistrationTest - **** finished TC_001_AccountRegistrationTest  *****
10:45:24.075 [main] DEBUG org.testng.TestNG - suiteXmlPath: "C:\Users\Dell\eclipse-workspace\opencartproject\master.xml"
10:45:24.855 [main] INFO  org.testng.internal.Utils - [TestNG] Running:
  C:\Users\Dell\eclipse-workspace\opencartproject\master.xml

10:45:34.274 [main] INFO  testCases.TC_001_AccountRegistrationTest - **** starting TC_001_AccountRegistrationTest  *****
10:45:34.275 [main] DEBUG testCases.TC_001_AccountRegistrationTest - application logs started......
10:45:34.537 [main] INFO  testCases.TC_001_AccountRegistrationTest - Clicked on MyAccount link
10:45:35.618 [main] INFO  testCases.TC_001_AccountRegistrationTest - Clicked on registration link
10:45:35.619 [main] INFO  testCases.TC_001_AccountRegistrationTest - Entering customer details.. 
10:45:40.205 [main] INFO  testCases.TC_001_AccountRegistrationTest - clicked on continue..
10:45:40.265 [main] INFO  testCases.TC_001_AccountRegistrationTest - Validating expected message..
10:45:40.269 [main] DEBUG testCases.TC_001_AccountRegistrationTest - application logs end.......
10:45:40.269 [main] INFO  testCases.TC_001_AccountRegistrationTest - **** finished TC_001_AccountRegistrationTest  *****
11:00:12.080 [main] DEBUG org.testng.TestNG - suiteXmlPath: "C:\Users\Dell\eclipse-workspace\opencartproject\crossbrowsertests.xml"
11:00:12.999 [main] INFO  org.testng.internal.Utils - [TestNG] Running:
  C:\Users\Dell\eclipse-workspace\opencartproject\crossbrowsertests.xml

11:00:26.664 [TestNG-tests-2] INFO  testCases.TC_001_AccountRegistrationTest - **** starting TC_001_AccountRegistrationTest  *****
11:00:26.666 [TestNG-tests-2] DEBUG testCases.TC_001_AccountRegistrationTest - application logs started......
11:00:26.762 [TestNG-tests-1] INFO  testCases.TC_001_AccountRegistrationTest - **** starting TC_001_AccountRegistrationTest  *****
11:00:26.763 [TestNG-tests-1] DEBUG testCases.TC_001_AccountRegistrationTest - application logs started......
11:00:26.965 [TestNG-tests-2] INFO  testCases.TC_001_AccountRegistrationTest - Clicked on MyAccount link
11:00:27.462 [TestNG-tests-1] INFO  testCases.TC_001_AccountRegistrationTest - Clicked on MyAccount link
11:00:28.337 [TestNG-tests-2] INFO  testCases.TC_001_AccountRegistrationTest - Clicked on registration link
11:00:28.338 [TestNG-tests-2] INFO  testCases.TC_001_AccountRegistrationTest - Entering customer details.. 
11:00:29.396 [TestNG-tests-1] INFO  testCases.TC_001_AccountRegistrationTest - Clicked on registration link
11:00:29.397 [TestNG-tests-1] INFO  testCases.TC_001_AccountRegistrationTest - Entering customer details.. 
11:00:34.965 [TestNG-tests-2] INFO  testCases.TC_001_AccountRegistrationTest - clicked on continue..
11:00:35.065 [TestNG-tests-2] INFO  testCases.TC_001_AccountRegistrationTest - Validating expected message..
11:00:35.071 [TestNG-tests-2] DEBUG testCases.TC_001_AccountRegistrationTest - application logs end.......
11:00:35.071 [TestNG-tests-2] INFO  testCases.TC_001_AccountRegistrationTest - **** finished TC_001_AccountRegistrationTest  *****
11:00:35.774 [TestNG-tests-1] INFO  testCases.TC_001_AccountRegistrationTest - clicked on continue..
11:00:35.836 [TestNG-tests-1] INFO  testCases.TC_001_AccountRegistrationTest - Validating expected message..
11:00:35.837 [TestNG-tests-1] DEBUG testCases.TC_001_AccountRegistrationTest - application logs end.......
11:00:35.837 [TestNG-tests-1] INFO  testCases.TC_001_AccountRegistrationTest - **** finished TC_001_AccountRegistrationTest  *****
