11:48:34.479 [main] INFO  testCases.TC_001_AccountRegistrationTest - **** finished TC_001_AccountRegistrationTest  *****
11:48:39.721 [main] INFO  testCases.TC_002_LoginTest - **** Starting TC_002_LoginTest  ****
11:48:39.721 [main] DEBUG testCases.TC_002_LoginTest - capturing application debug logs....
11:48:39.861 [main] INFO  testCases.TC_002_LoginTest - clicked on myaccount link on the home page..
11:48:40.844 [main] INFO  testCases.TC_002_LoginTest - clicked on login link under myaccount..
11:48:40.866 [main] INFO  testCases.TC_002_LoginTest - Entering valid email and password..
11:48:42.215 [main] INFO  testCases.TC_002_LoginTest - clicked on ligin button..
11:48:42.319 [main] INFO  testCases.TC_002_LoginTest - **** Finished TC_002_LoginTest  ****
12:08:19.068 [main] DEBUG org.testng.TestNG - suiteXmlPath: "C:\Users\Dell\eclipse-workspace\opencartproject\final.xml"
12:08:26.516 [main] INFO  testCases.TC_001_AccountRegistrationTest - **** starting TC_001_AccountRegistrationTest  *****
12:08:26.516 [main] DEBUG testCases.TC_001_AccountRegistrationTest - application logs started......
12:08:26.728 [main] INFO  testCases.TC_001_AccountRegistrationTest - Clicked on MyAccount link
12:08:27.692 [main] INFO  testCases.TC_001_AccountRegistrationTest - Clicked on registration link
12:08:27.692 [main] INFO  testCases.TC_001_AccountRegistrationTest - Entering customer details.. 
12:08:31.926 [main] INFO  testCases.TC_001_AccountRegistrationTest - clicked on continue..
12:08:31.997 [main] INFO  testCases.TC_001_AccountRegistrationTest - Validating expected message..
12:08:32.001 [main] DEBUG testCases.TC_001_AccountRegistrationTest - application logs end.......
12:08:32.001 [main] INFO  testCases.TC_001_AccountRegistrationTest - **** finished TC_001_AccountRegistrationTest  *****
12:08:36.240 [main] INFO  testCases.TC_002_LoginTest - **** Starting TC_002_LoginTest  ****
12:08:36.243 [main] DEBUG testCases.TC_002_LoginTest - capturing application debug logs....
12:08:36.408 [main] INFO  testCases.TC_002_LoginTest - clicked on myaccount link on the home page..
12:08:37.238 [main] INFO  testCases.TC_002_LoginTest - clicked on login link under myaccount..
12:08:37.238 [main] INFO  testCases.TC_002_LoginTest - Entering valid email and password..
12:08:38.483 [main] INFO  testCases.TC_002_LoginTest - clicked on ligin button..
12:08:38.581 [main] INFO  testCases.TC_002_LoginTest - **** Finished TC_002_LoginTest  ****
14:55:33.194 [main] DEBUG org.testng.TestNG - suiteXmlPath: "C:\Users\Dell\eclipse-workspace\opencartproject\master.xml"
14:55:33.321 [main] WARN  org.testng.xml.TestNGContentHandler - It is strongly recommended to add "<!DOCTYPE suite SYSTEM "https://testng.org/testng-1.1.dtd" >" at the top of the suite file [C:\Users\Dell\eclipse-workspace\opencartproject\master.xml] otherwise TestNG may fail or not work as expected.
14:55:34.262 [main] INFO  org.testng.internal.Utils - [TestNG] Running:
  C:\Users\Dell\eclipse-workspace\opencartproject\master.xml

14:55:41.990 [main] INFO  testCases.TC_001_AccountRegistrationTest - **** starting TC_001_AccountRegistrationTest  *****
14:55:41.990 [main] DEBUG testCases.TC_001_AccountRegistrationTest - application logs started......
14:55:42.391 [main] INFO  testCases.TC_001_AccountRegistrationTest - Clicked on MyAccount link
14:55:43.438 [main] INFO  testCases.TC_001_AccountRegistrationTest - Clicked on registration link
14:55:43.439 [main] INFO  testCases.TC_001_AccountRegistrationTest - Entering customer details.. 
14:55:47.779 [main] INFO  testCases.TC_001_AccountRegistrationTest - clicked on continue..
14:55:47.842 [main] INFO  testCases.TC_001_AccountRegistrationTest - Validating expected message..
14:55:47.847 [main] DEBUG testCases.TC_001_AccountRegistrationTest - application logs end.......
14:55:47.847 [main] INFO  testCases.TC_001_AccountRegistrationTest - **** finished TC_001_AccountRegistrationTest  *****
14:55:52.351 [main] INFO  testCases.TC_002_LoginTest - **** Starting TC_002_LoginTest  ****
14:55:52.352 [main] DEBUG testCases.TC_002_LoginTest - capturing application debug logs....
14:55:52.483 [main] INFO  testCases.TC_002_LoginTest - clicked on myaccount link on the home page..
14:55:53.281 [main] INFO  testCases.TC_002_LoginTest - clicked on login link under myaccount..
14:55:53.302 [main] INFO  testCases.TC_002_LoginTest - Entering valid email and password..
14:55:54.486 [main] INFO  testCases.TC_002_LoginTest - clicked on ligin button..
14:55:54.618 [main] INFO  testCases.TC_002_LoginTest - **** Finished TC_002_LoginTest  ****
